../../test-data-generator/pom.xml